0:0:0:0:0:0:0:1 - - [15/May/2018:16:53:22 +0530] "GET /posts HTTP/1.1" 200 742
0:0:0:0:0:0:0:1 - - [15/May/2018:16:53:43 +0530] "GET /posts HTTP/1.1" 200 742
0:0:0:0:0:0:0:1 - - [15/May/2018:16:56:02 +0530] "GET /posts HTTP/1.1" 200 540
0:0:0:0:0:0:0:1 - - [15/May/2018:16:56:21 +0530] "GET /posts HTTP/1.1" 200 540
0:0:0:0:0:0:0:1 - - [15/May/2018:23:22:48 +0530] "GET /posts HTTP/1.1" 400 176
0:0:0:0:0:0:0:1 - - [15/May/2018:23:23:14 +0530] "GET /posts HTTP/1.1" 200 642
0:0:0:0:0:0:0:1 - - [15/May/2018:23:24:15 +0530] "POST /posts/3 HTTP/1.1" 500 207
0:0:0:0:0:0:0:1 - - [15/May/2018:23:25:19 +0530] "POST /posts/3 HTTP/1.1" 500 207
0:0:0:0:0:0:0:1 - - [15/May/2018:23:25:20 +0530] "POST /posts/3 HTTP/1.1" 500 207
0:0:0:0:0:0:0:1 - - [15/May/2018:23:25:57 +0530] "GET /comments/3 HTTP/1.1" 200 12
0:0:0:0:0:0:0:1 - - [15/May/2018:23:25:59 +0530] "GET /comments/1 HTTP/1.1" 200 128
0:0:0:0:0:0:0:1 - - [15/May/2018:23:27:36 +0530] "POST /comments/ HTTP/1.1" 500 209
0:0:0:0:0:0:0:1 - - [15/May/2018:23:27:45 +0530] "POST /posts/3 HTTP/1.1" 500 207
0:0:0:0:0:0:0:1 - - [15/May/2018:23:29:00 +0530] "POST /posts HTTP/1.1" 500 290
0:0:0:0:0:0:0:1 - - [15/May/2018:23:30:04 +0530] "POST /posts HTTP/1.1" 500 290
0:0:0:0:0:0:0:1 - - [15/May/2018:23:30:06 +0530] "POST /posts HTTP/1.1" 500 290
0:0:0:0:0:0:0:1 - - [15/May/2018:23:30:07 +0530] "POST /posts HTTP/1.1" 500 290
0:0:0:0:0:0:0:1 - - [15/May/2018:23:30:49 +0530] "POST /posts HTTP/1.1" 200 157
0:0:0:0:0:0:0:1 - - [15/May/2018:23:30:59 +0530] "POST /posts HTTP/1.1" 200 156
0:0:0:0:0:0:0:1 - - [15/May/2018:23:31:06 +0530] "POST /posts HTTP/1.1" 200 156
0:0:0:0:0:0:0:1 - - [15/May/2018:23:32:45 +0530] "POST /posts/2/comments HTTP/1.1" 500 301
0:0:0:0:0:0:0:1 - - [15/May/2018:23:33:00 +0530] "POST /posts/2/comments HTTP/1.1" 500 301
0:0:0:0:0:0:0:1 - - [15/May/2018:23:34:27 +0530] "POST /posts/2/comments HTTP/1.1" 500 301
0:0:0:0:0:0:0:1 - - [15/May/2018:23:35:48 +0530] "POST /posts/2/comments HTTP/1.1" 500 301
0:0:0:0:0:0:0:1 - - [15/May/2018:23:36:44 +0530] "POST /posts/6/comments HTTP/1.1" 500 301
0:0:0:0:0:0:0:1 - - [15/May/2018:23:36:47 +0530] "POST /posts/6/comments HTTP/1.1" 500 301
0:0:0:0:0:0:0:1 - - [15/May/2018:23:38:35 +0530] "POST /posts/6/comments HTTP/1.1" 500 301
