0:0:0:0:0:0:0:1 - - [14/May/2018:22:19:09 +0530] "GET /comments HTTP/1.1" 200 169059
0:0:0:0:0:0:0:1 - - [14/May/2018:22:19:16 +0530] "GET /posts HTTP/1.1" 200 164705
0:0:0:0:0:0:0:1 - - [14/May/2018:22:24:42 +0530] "GET /posts HTTP/1.1" 200 661
0:0:0:0:0:0:0:1 - - [14/May/2018:22:25:05 +0530] "GET /comments HTTP/1.1" 200 92
0:0:0:0:0:0:0:1 - - [14/May/2018:22:25:14 +0530] "GET /comments HTTP/1.1" 200 92
0:0:0:0:0:0:0:1 - - [14/May/2018:22:25:25 +0530] "GET /posts HTTP/1.1" 200 661
0:0:0:0:0:0:0:1 - - [14/May/2018:22:27:05 +0530] "GET /posts HTTP/1.1" 200 540
0:0:0:0:0:0:0:1 - - [14/May/2018:22:32:08 +0530] "GET /posts HTTP/1.1" 200 661
0:0:0:0:0:0:0:1 - - [14/May/2018:22:32:12 +0530] "GET /comments HTTP/1.1" 200 92
0:0:0:0:0:0:0:1 - - [14/May/2018:22:32:17 +0530] "GET /comments/1 HTTP/1.1" 200 12
0:0:0:0:0:0:0:1 - - [14/May/2018:22:32:19 +0530] "GET /comments/1 HTTP/1.1" 200 12
0:0:0:0:0:0:0:1 - - [14/May/2018:22:32:22 +0530] "GET /comments/2 HTTP/1.1" 200 92
0:0:0:0:0:0:0:1 - - [14/May/2018:22:32:24 +0530] "GET /comments/ HTTP/1.1" 200 92
0:0:0:0:0:0:0:1 - - [14/May/2018:22:32:25 +0530] "GET /comments3 HTTP/1.1" 200 661
0:0:0:0:0:0:0:1 - - [14/May/2018:22:32:31 +0530] "GET /comments/3 HTTP/1.1" 200 12
0:0:0:0:0:0:0:1 - - [14/May/2018:22:32:32 +0530] "GET /comments/4 HTTP/1.1" 200 12
0:0:0:0:0:0:0:1 - - [14/May/2018:22:32:34 +0530] "GET /comments/q HTTP/1.1" 400 287
0:0:0:0:0:0:0:1 - - [14/May/2018:22:32:36 +0530] "GET /comments/2 HTTP/1.1" 200 92
0:0:0:0:0:0:0:1 - - [14/May/2018:22:33:00 +0530] "POST /posts/1/comments HTTP/1.1" 200 128
0:0:0:0:0:0:0:1 - - [14/May/2018:22:33:09 +0530] "GET /comments/1 HTTP/1.1" 200 94
0:0:0:0:0:0:0:1 - - [14/May/2018:22:33:11 +0530] "GET /comments/2 HTTP/1.1" 200 92
